<?xml version="1.0" encoding="UTF-8"?>
<testng-results skipped="0" failed="0" ignored="0" total="2" passed="2">
  <reporter-output>
  </reporter-output>
  <suite name="Data Driver Basics" duration-ms="1324" started-at="2021-04-02T23:05:29 IST" finished-at="2021-04-02T23:05:30 IST">
    <groups>
    </groups>
    <test name="Bank Manager Login Test" duration-ms="292" started-at="2021-04-02T23:05:29 IST" finished-at="2021-04-02T23:05:29 IST">
      <class name="com.w2a.testcases.BankManagerLoginTest">
        <test-method status="PASS" signature="loginAsBankManager()[pri:0, instance:com.w2a.testcases.BankManagerLoginTest@bd4dc25]" name="loginAsBankManager" duration-ms="200" started-at="2021-04-02T23:05:29 IST" finished-at="2021-04-02T23:05:29 IST">
          <reporter-output>
          </reporter-output>
        </test-method> <!-- loginAsBankManager -->
      </class> <!-- com.w2a.testcases.BankManagerLoginTest -->
    </test> <!-- Bank Manager Login Test -->
    <test name="Add Customer Test" duration-ms="1003" started-at="2021-04-02T23:05:29 IST" finished-at="2021-04-02T23:05:30 IST">
      <class name="com.w2a.testcases.AddCustomerTest">
        <test-method status="PASS" signature="setUp()[pri:0, instance:com.w2a.testcases.AddCustomerTest@74751b3]" name="setUp" is-config="true" duration-ms="4686" started-at="2021-04-02T23:05:24 IST" finished-at="2021-04-02T23:05:29 IST">
          <reporter-output>
          </reporter-output>
        </test-method> <!-- setUp -->
        <test-method status="PASS" signature="addCustomer(java.lang.String,java.lang.String,java.lang.String)[pri:0, instance:com.w2a.testcases.AddCustomerTest@74751b3]" name="addCustomer" duration-ms="963" started-at="2021-04-02T23:05:29 IST" data-provider="getData" finished-at="2021-04-02T23:05:30 IST">
          <params>
            <param index="0">
              <value>
                <![CDATA[Rakesh]]>
              </value>
            </param>
            <param index="1">
              <value>
                <![CDATA[Bhavsar]]>
              </value>
            </param>
            <param index="2">
              <value>
                <![CDATA[424001.0]]>
              </value>
            </param>
          </params>
          <reporter-output>
          </reporter-output>
        </test-method> <!-- addCustomer -->
        <test-method status="PASS" signature="tearDown()[pri:0, instance:com.w2a.testcases.AddCustomerTest@74751b3]" name="tearDown" is-config="true" duration-ms="0" started-at="2021-04-02T23:05:30 IST" finished-at="2021-04-02T23:05:30 IST">
          <reporter-output>
          </reporter-output>
        </test-method> <!-- tearDown -->
      </class> <!-- com.w2a.testcases.AddCustomerTest -->
    </test> <!-- Add Customer Test -->
  </suite> <!-- Data Driver Basics -->
</testng-results>
